Tue Sep 25 2018 20:40:22 GMT-0500 (-05) : GET /
Tue Sep 25 2018 20:40:28 GMT-0500 (-05) : GET /help
Tue Sep 25 2018 20:41:25 GMT-0500 (-05) : GET /help
Tue Sep 25 2018 20:41:26 GMT-0500 (-05) : GET /help
Tue Sep 25 2018 20:41:27 GMT-0500 (-05) : GET /
Tue Sep 25 2018 20:42:20 GMT-0500 (-05) : GET /
Tue Sep 25 2018 20:42:35 GMT-0500 (-05) : GET /
Tue Sep 25 2018 20:42:37 GMT-0500 (-05) : GET /
Tue Sep 25 2018 20:42:37 GMT-0500 (-05) : GET /
Tue Sep 25 2018 20:42:37 GMT-0500 (-05) : GET /favicon.ico
Tue Sep 25 2018 20:42:51 GMT-0500 (-05) : GET /
Tue Sep 25 2018 20:42:53 GMT-0500 (-05) : GET /maintenance
Tue Sep 25 2018 20:43:07 GMT-0500 (-05) : GET /maintenance
Tue Sep 25 2018 20:45:02 GMT-0500 (-05) : GET /maintenance
Tue Sep 25 2018 20:45:03 GMT-0500 (-05) : GET /
Tue Sep 25 2018 20:45:05 GMT-0500 (-05) : GET /help
Tue Sep 25 2018 20:45:06 GMT-0500 (-05) : GET /maintenance
Tue Sep 25 2018 20:45:07 GMT-0500 (-05) : GET /
Tue Sep 25 2018 20:48:52 GMT-0500 (-05) : GET /
Tue Sep 25 2018 20:48:57 GMT-0500 (-05) : GET /help.html
Tue Sep 25 2018 20:49:05 GMT-0500 (-05) : GET /
Tue Sep 25 2018 20:49:23 GMT-0500 (-05) : GET /
